<?xml version="1.0" encoding="UTF-8"?>
<testng-results ignored="0" total="1" passed="1" failed="0" skipped="0">
  <reporter-output>
  </reporter-output>
  <suite started-at="2023-02-07T18:34:57 IST" name="Surefire suite" finished-at="2023-02-07T18:34:58 IST" duration-ms="1152">
    <groups>
    </groups>
    <test started-at="2023-02-07T18:34:57 IST" name="Surefire test" finished-at="2023-02-07T18:34:58 IST" duration-ms="1152">
      <class name="Cucumber.Automation.AppTest">
        <test-method signature="shouldAnswerWithTrue()" started-at="2023-02-07T18:34:57 IST" name="shouldAnswerWithTrue" finished-at="2023-02-07T18:34:57 IST" duration-ms="11" status="PASS">
          <reporter-output>
          </reporter-output>
        </test-method> <!-- shouldAnswerWithTrue -->
      </class> <!-- Cucumber.Automation.AppTest -->
    </test> <!-- Surefire test -->
  </suite> <!-- Surefire suite -->
</testng-results>
